<?xml version="1.0" encoding="UTF-8"?>
<!-- Generated by org.testng.reporters.JUnitReportReporter -->
<testsuite hostname="Dimples-Air" name="itunesSearchTest.SearchAPITest" tests="4" failures="0" timestamp="7 Oct 2016 03:09:23 GMT" time="4.034" errors="0">
  <testcase name="searchvalidTermCountryMediaLimit" time="0.516" classname="itunesSearchTest.SearchAPITest"/>
  <testcase name="searchValidTerm" time="0.355" classname="itunesSearchTest.SearchAPITest"/>
  <testcase name="searchInvalidTermCountryMediaLimit" time="0.239" classname="itunesSearchTest.SearchAPITest"/>
  <testcase name="searchEmptyParameters" time="2.924" classname="itunesSearchTest.SearchAPITest"/>
</testsuite> <!-- itunesSearchTest.SearchAPITest -->
